<?xml version="1.0" encoding="UTF-8"?>
<!-- Generated by org.testng.reporters.JUnitReportReporter -->
<testsuite hostname="LAPTOP-VQ2TBLM4" name="CucumberTest.ToolTip" tests="1" failures="0" timestamp="6 Aug 2017 07:44:17 GMT" time="21.315" errors="0">
  <testcase name="tooltipmethod" time="21.315" classname="CucumberTest.ToolTip"/>
</testsuite> <!-- CucumberTest.ToolTip -->
